<?xml version="1.0" encoding="UTF-8"?>
<!-- Generated by org.testng.reporters.JUnitReportReporter -->
<testsuite hostname="DESKTOP-U63PT7Q" failures="0" tests="1" name="RunnerClasses.RunnerDemo" time="2.988" errors="0" timestamp="2023-03-13T12:44:47 IST" skipped="0">
  <testcase classname="RunnerClasses.RunnerDemo" name="runScenario" time="2.988"/>
  <system-out/>
</testsuite> <!-- RunnerClasses.RunnerDemo -->
