<?xml version="1.0" encoding="UTF-8"?>
<!-- Generated by org.testng.reporters.JUnitReportReporter -->
<testsuite skipped="0" hostname="DESKTOP-U63PT7Q" name="RunnerClasses.RunnerDemo" tests="1" failures="0" timestamp="2023-03-19T13:36:15 IST" time="2.137" errors="0">
  <testcase name="runScenario" time="2.137" classname="RunnerClasses.RunnerDemo"/>
  <system-out/>
</testsuite> <!-- RunnerClasses.RunnerDemo -->
