<?xml version="1.0" encoding="UTF-8"?>
<!-- Generated by org.testng.reporters.JUnitReportReporter -->
<testsuite hostname="DESKTOP-U63PT7Q" failures="0" tests="1" name="RunnerClasses.RunnerDemo" time="1.294" errors="0" timestamp="2023-03-18T15:41:23 IST" skipped="0">
  <testcase classname="RunnerClasses.RunnerDemo" name="runScenario" time="1.294"/>
  <system-out/>
</testsuite> <!-- RunnerClasses.RunnerDemo -->
